<?xml version="1.0" encoding="UTF-8"?>
<testng-results skipped="0" failed="0" total="2" passed="2">
  <reporter-output>
  </reporter-output>
  <suite name="Default suite" duration-ms="2735" started-at="2019-01-14T06:19:58Z" finished-at="2019-01-14T06:20:01Z">
    <groups>
    </groups>
    <test name="Default test" duration-ms="2735" started-at="2019-01-14T06:19:58Z" finished-at="2019-01-14T06:20:01Z">
      <class name="com.test.billing.testcase.LoginCase">
        <test-method status="PASS" signature="beforesuite()[pri:0, instance:com.test.billing.testcase.LoginCase@51565ec2]" name="beforesuite" is-config="true" duration-ms="47" started-at="2019-01-14T14:19:58Z" finished-at="2019-01-14T14:19:58Z">
          <reporter-output>
          </reporter-output>
        </test-method> <!-- beforesuite -->
        <test-method status="PASS" signature="beforeClass()[pri:0, instance:com.test.billing.testcase.LoginCase@51565ec2]" name="beforeClass" is-config="true" duration-ms="0" started-at="2019-01-14T14:19:58Z" finished-at="2019-01-14T14:19:58Z">
          <reporter-output>
          </reporter-output>
        </test-method> <!-- beforeClass -->
        <test-method status="PASS" signature="testLoginCase(java.lang.String, java.lang.String)[pri:0, instance:com.test.billing.testcase.LoginCase@51565ec2]" name="testLoginCase" duration-ms="1728" started-at="2019-01-14T14:19:58Z" data-provider="logindataprovider" finished-at="2019-01-14T14:20:00Z">
          <params>
            <param index="0">
              <value>
                <![CDATA[/pwdauth/login/mobile]]>
              </value>
            </param>
            <param index="1">
              <value>
                <![CDATA[{"principal":"13042159730","credentials":"29ad0e3fd3db681fb9f8091c756313f7"}]]>
              </value>
            </param>
          </params>
          <reporter-output>
          </reporter-output>
        </test-method> <!-- testLoginCase -->
        <test-method status="PASS" signature="testgetUserOrganListCase(java.lang.String, java.lang.String)[pri:0, instance:com.test.billing.testcase.LoginCase@51565ec2]" name="testgetUserOrganListCase" duration-ms="990" started-at="2019-01-14T14:20:00Z" data-provider="getUserOrganListPro" finished-at="2019-01-14T14:20:01Z">
          <params>
            <param index="0">
              <value>
                <![CDATA[/rest/company/getUserOrganList]]>
              </value>
            </param>
            <param index="1">
              <value>
                <![CDATA[{}]]>
              </value>
            </param>
          </params>
          <reporter-output>
          </reporter-output>
        </test-method> <!-- testgetUserOrganListCase -->
        <test-method status="PASS" signature="afterClass()[pri:0, instance:com.test.billing.testcase.LoginCase@51565ec2]" name="afterClass" is-config="true" duration-ms="1" started-at="2019-01-14T14:20:01Z" finished-at="2019-01-14T14:20:01Z">
          <reporter-output>
          </reporter-output>
        </test-method> <!-- afterClass -->
        <test-method status="PASS" signature="aftersuite()[pri:0, instance:com.test.billing.testcase.LoginCase@51565ec2]" name="aftersuite" is-config="true" duration-ms="0" started-at="2019-01-14T14:20:01Z" finished-at="2019-01-14T14:20:01Z">
          <reporter-output>
          </reporter-output>
        </test-method> <!-- aftersuite -->
      </class> <!-- com.test.billing.testcase.LoginCase -->
    </test> <!-- Default test -->
  </suite> <!-- Default suite -->
</testng-results>
